[01:50:49] [Render thread/INFO] [JMLogger] JourneyMap log initialized.
[01:50:49] [Render thread/INFO] [JourneymapClient] initialize ENTER
[01:50:49] [Render thread/INFO] [ClientAPI] [ClientAPI] built with JourneyMap API 2.0.0-SNAPSHOT
[01:50:49] [Render thread/WARN] [PropertiesBase] core (Initialized) Bad configField entry during updateFrom(): optionsManagerViewed=null
[01:50:49] [Render thread/WARN] [PropertiesBase] core (Initialized) Bad configField entry during updateFrom(): splashViewed=null
[01:50:49] [Render thread/INFO] [?] Version: JourneyMap 26.1.2-6.0.0-beta.82, built with fabric 0.146.1+26.1.2
fabric: 0.19.2
Environment: os.name, os.arch, java.version, user.country, user.language=null, game language=en_us, locale=en_us
SP: : New World : 
MP: : offline : 
Features: 
	RadarPlayers : singleplayer = true , multiplayer = true
	RadarAnimals : singleplayer = true , multiplayer = true
	RadarMobs : singleplayer = true , multiplayer = true
	RadarVillagers : singleplayer = true , multiplayer = true
	MapTopo : singleplayer = true , multiplayer = true
	MapSurface : singleplayer = true , multiplayer = true
	MapCaves : singleplayer = true , multiplayer = true
	MapBiome : singleplayer = true , multiplayer = true
MiniMapProperties{state=Valid, file=journeymap.minimap.config, configVersion=6.0.0-beta.82, infoSlotTimeFormat=HH:mm:ss, zoomLevel=512, compassFontScale=1.0, infoSlotFontScale=1.0, terrainAlpha=100, showEntityNames=false, showPassiveNames=false, positionX=0.9, positionY=0.25, effectVertical=false, showPlayerHeading=true, sizePercent=30, playerDisplayScale=1.0, showDayNight=true, showPets=true, showPlayerNames=true, preferredMapType=day, showCompass=true, showNpcNames=false, mobDisplay=jm.common.entity_display.dots_and_outlined_icons, showHostileNames=false, systemTimeRealFormat=HH:mm:ss, shape=jm.minimap.shape_circle, showSelf=true, showVillagerNames=false, selfDisplayScale=1.0, showGrid=true, reticleOrientation=jm.minimap.orientation.compass, minimapLockedMapType=jm.common.map_type.auto, effectTranslateX=0, info3LabelPosition=jm.minimap.info_slot.bottom, showWaypoints=true, info2LabelPosition=jm.minimap.info_slot.top, minimapKeyMovementSpeed=0.001, info1LabelPosition=jm.minimap.info_slot.top, showAnimals=true, infoSlotAlpha=0.7, effectTranslateY=0, showWaypointLabels=true, showAmbientNames=false, moveEffectIcons=true, showTeamNames=true, position=jm.minimap.position_topright, fontScale=1.0, info4LabelPosition=jm.minimap.info_slot.bottom, showPlayers=true, waypointIconScale=1.0, frameAlpha=100, effectReversed=false, backgroundAlpha=0.8, enabled=true, showVillagers=true, info2Label=jm.theme.labelsource.gametime, hudRenderLayer=jm.minimap.hud_render_layer_last, info3Label=jm.theme.labelsource.location, caveLayer=4, showMobs=true, waypointLabelScale=1.0, showReticle=true, orientation=jm.minimap.orientation.north, info4Label=jm.theme.labelsource.biome, locationFormat=xzyv, playerDisplay=jm.common.entity_display.outlined_icons, mobDisplayScale=1.0, showOffScreenPlayers=true, showCaves=true, hideEffectIcons=false, showMobHeading=true, locationFormatVerbose=true, showAmbientCreatures=false, showPetNames=false, info1Label=jm.theme.labelsource.blank, showNoIconNames=true}
MiniMapProperties{state=Valid, file=journeymap.minimap2.config, configVersion=6.0.0-beta.82, infoSlotTimeFormat=HH:mm:ss, zoomLevel=512, compassFontScale=1.0, infoSlotFontScale=1.0, terrainAlpha=100, showEntityNames=false, showPassiveNames=false, positionX=0.9, positionY=0.25, effectVertical=false, showPlayerHeading=true, sizePercent=30, playerDisplayScale=1.0, showDayNight=true, showPets=true, showPlayerNames=true, preferredMapType=day, showCompass=true, showNpcNames=false, mobDisplay=jm.common.entity_display.dots_and_outlined_icons, showHostileNames=false, systemTimeRealFormat=HH:mm:ss, shape=jm.minimap.shape_rectangle, showSelf=true, showVillagerNames=false, selfDisplayScale=1.0, showGrid=true, reticleOrientation=jm.minimap.orientation.compass, minimapLockedMapType=jm.common.map_type.auto, effectTranslateX=0, info3LabelPosition=jm.minimap.info_slot.bottom, showWaypoints=true, info2LabelPosition=jm.minimap.info_slot.top, minimapKeyMovementSpeed=0.001, info1LabelPosition=jm.minimap.info_slot.top, showAnimals=true, infoSlotAlpha=0.7, effectTranslateY=0, showWaypointLabels=true, showAmbientNames=false, moveEffectIcons=true, showTeamNames=true, position=jm.minimap.position_topright, fontScale=1.0, info4LabelPosition=jm.minimap.info_slot.bottom, showPlayers=true, waypointIconScale=1.0, frameAlpha=100, effectReversed=false, backgroundAlpha=0.8, enabled=true, showVillagers=true, info2Label=jm.theme.labelsource.gametime, hudRenderLayer=jm.minimap.hud_render_layer_last, info3Label=jm.theme.labelsource.location, caveLayer=4, showMobs=true, waypointLabelScale=1.0, showReticle=true, orientation=jm.minimap.orientation.north, info4Label=jm.theme.labelsource.biome, locationFormat=xzyv, playerDisplay=jm.common.entity_display.outlined_icons, mobDisplayScale=1.0, showOffScreenPlayers=true, showCaves=true, hideEffectIcons=false, showMobHeading=true, locationFormatVerbose=true, showAmbientCreatures=false, showPetNames=false, info1Label=jm.theme.labelsource.blank, showNoIconNames=true}
FullMapProperties{state=Valid, file=journeymap.fullmap.config, configVersion=6.0.0-beta.82, zoomLevel=512, minimalMode=false, showPlayers=true, waypointIconScale=1.0, showEntityNames=false, showPassiveNames=false, showPlayerHeading=true, showVillagers=true, showPlayerLoc=true, showKeys=true, playerDisplayScale=1.0, showMobs=true, showPets=true, waypointLabelScale=1.0, showPlayerNames=true, preferredMapType=day, showNpcNames=false, mobDisplay=jm.common.entity_display.dots_and_outlined_icons, showHostileNames=false, pauseGame=false, showSelf=true, locationFormat=xzyv, playerDisplay=jm.common.entity_display.outlined_icons, showVillagerNames=false, mobDisplayScale=1.0, selfDisplayScale=1.0, showOffScreenPlayers=true, showGrid=true, showMouseLoc=true, showWaypoints=true, showCaves=true, showThemeButton=true, showAnimals=true, showMobHeading=true, showWaypointLabels=true, locationFormatVerbose=true, showAmbientNames=false, showAmbientCreatures=false, showTeamNames=true, showPetNames=false, fontScale=1.0, showNoIconNames=true}
WaypointProperties{state=Valid, file=journeymap.waypoint.config, configVersion=6.0.0-beta.82, autoRemoveDeathpointDistance=2, showPlayers=false, dateFormat=MM-dd-yyyy, autoHideIconAngle=5, autoRemoveDeathpoints=false, autoHideIcon=false, autoHideLabelAngle=5, displayOnLocatorBar=false, renderWaypointsWorld=true, showLabelBackground=true, showDeleteConfirmation=true, managerDimensionFocus=false, fullscreenDoubleClickToCreate=true, minDistance=4, coordinatesFormat=XZY, boldLabel=false, disableShare=false, showDeathpointlabel=true, autoHideLabelVertical=true, textureSmall=true, useActionsButton=false, beaconEnabled=true, createDeathpoints=true, disableStrikeThrough=false, renderWaypointsMap=true, showName=true, autoHideLabelVerticalAngle=10, maxDistance=0, ignoreRenderDistance=false, autoHideLabel=true, autoRemoveTempWaypoints=2, teleportCommand=/execute in {dim} run tp {name} {x} {y} {z}, showStaticBeam=true, renderWaypoints=true, wholeNumberTeleportCoords=false, timeFormat=HH:mm:ss, shaderBeacon=false, showDistance=true, showRotatingBeam=true, fontScale=2.0, managerEnabled=true}
WebMapProperties{state=Valid, file=journeymap.webmap.config, configVersion=6.0.0-beta.82, port=8080, enabled=false}
CoreProperties{state=Valid, file=journeymap.core.config, configVersion=6.0.0-beta.82, maxPlayersData=32, mapSurfaceAboveCaves=true, dataCachingEnabled=true, maxAmbientCreaturesData=32, optionsManagerViewed=null, announceMod=true, ignoreSnow=false, colorPassive=#bbbbbb, colorPassiveLabel=#bbbbbb, mapShadows=true, mapBlendWater=true, playerIconFade=true, renderDistanceSurfaceMax=0, seedId=false, colorPetLabel=#0077ff, radarVerticalDistance=16, mapBlendGrass=true, recordCacheStats=false, hideSneakingEntities=true, initialSortOrder=Name, colorPlayerLabel=#ffffff, revealShape=jm.minimap.shape_circle, mapBiome=true, minimapPresetOverlay=true, caveShader=jm.common.map_filter.default, colorVillagerLabel=#88e188, alwaysMapSurface=false, biomeShader=jm.common.map_filter.default, colorVillager=#88e188, mapPlants=false, colorPet=#0077ff, sortDescending=true, radarLateralDistance=64, mapBathymetry=false, mapCrops=true, maxMobsData=32, dayShader=jm.common.map_filter.default, mapPlantShadows=false, alwaysMapCaves=false, checkUpdates=true, colorHostileLabel=#ff0000, mapBlendFoliage=true, netherSurfaceLighting=true, topoMax=0, hideSpectators=false, mappingEnabled=true, colorPlayer=#ffffff, cacheVillagersData=2200, logLevel=INFO, maxVillagersData=32, mapWaterBiomeColors=true, maxAnimalsData=32, mapTransparency=true, caveBlackAsClear=false, caveModeThreshold=2, legacyIcons=false, netherShader=jm.common.map_filter.default, caveIgnoreGlass=true, mapTopography=true, renderDistanceCaveMax=0, mapAntialiasing=true, colorSelf=#0000ff, cachePlayersData=2000, mapOnlyPlayerChunk=false, nightShader=jm.common.map_filter.default, cacheMobsData=3000, cachePlayerData=1000, splashViewed=null, colorHostile=#ff0000, topoShader=jm.common.map_filter.default, allowMiniMapBehindScreens=true, cacheAnimalsData=3100, ignoreHeightmaps=false, lodsEnabled=true, themeName=Purist, mapCaveLighting=true, renderDelay=500, mobIconFade=true, serverIp=false, glErrorChecking=false, autoMapPoll=2000}
[01:50:49] [Render thread/INFO] [JourneymapClient] initialize EXIT, elapsed count 1 avg 398.41ms
[01:50:50] [Render thread/INFO] [ThemeLoader] Preloaded theme textures: 73
[01:50:50] [Render thread/INFO] [JourneymapClient] postInitialize EXIT, elapsed count 1 avg 434.27ms
[01:50:53] [Render thread/INFO] [ColorPalette] Color palette file generated for 0 blockstates in 9ms for: Default Palette
[01:51:49] [Render thread/WARN] [JMLogger] Image is null: minecraft:textures/entity_icon/chicken/chicken_temperate.png
[01:51:49] [Render thread/WARN] [PropertiesBase] core (Initialized) Bad configField entry during updateFrom(): optionsManagerViewed=null
[01:51:49] [Render thread/WARN] [PropertiesBase] core (Initialized) Bad configField entry during updateFrom(): splashViewed=null
[01:51:49] [Render thread/INFO] [WaypointStore] Loaded 0 waypoints from disk.
[01:51:49] [Render thread/INFO] [WaypointGroupStore] Loaded 0 waypoint groups from disk.
[01:51:49] [Render thread/INFO] [WaypointHandler] WaypointBackend selected: Client (was=null, shouldBeRemote=false, isJMServer=false, serverManagedWP=false, isServerManagedWaypointConnection=false, hasSingleplayerServer=false)
[01:51:49] [Render thread/INFO] [LegacyWaypointFileMigrator] 0 Legacy waypoints found that need to be migrated and backed up.
[01:51:49] [Render thread/INFO] [ColorPalette] Color palette file generated for 0 blockstates in 0ms for: /home/koenomatachisan/.minecraft/versions/MODPACK/journeymap/colorpalette.json
[01:51:49] [Render thread/INFO] [ColorPalette] Color palette file generated for 0 blockstates in 1ms for: /home/koenomatachisan/.minecraft/versions/MODPACK/journeymap/data/mp/Minecraft~Server/colorpalette.json
[01:51:49] [Render thread/INFO] [JourneymapClient] Mapping started in /home/koenomatachisan/.minecraft/versions/MODPACK/journeymap/data/mp/Minecraft~Server/overworld. Memory: 1216MB total, 333MB free 
[01:51:49] [Render thread/INFO] [JMChunkCache] JMChunkCache: opened at /home/koenomatachisan/.minecraft/versions/MODPACK/journeymap/data/mp/Minecraft~Server/overworld/chunk_cache
[01:51:49] [Render thread/INFO] [ChatLog] JourneyMap: Press [J]
[01:51:58] [Render thread/WARN] [JMLogger] Image is null: minecraft:textures/entity_icon/chicken/chicken_temperate.png
[01:52:00] [Render thread/WARN] [JMLogger] Image is null: minecraft:textures/entity_icon/chicken/chicken_temperate.png
[01:52:27] [Render thread/INFO] [DeathPointHandler] koenomatachisan died at BlockPos{x=-934, y=75, z=-159}. Deathpoints enabled: true. Deathpoint created: true
[01:52:27] [Render thread/WARN] [StatTimer] MiniMap1.Circle is not running.
[01:52:27] [Render thread/WARN] [StatTimer] MiniMap1.Circle is not running.
[01:52:27] [Render thread/WARN] [StatTimer] MiniMap1.Circle is not running.
[01:52:27] [Render thread/WARN] [StatTimer] MiniMap1.Circle is not running.
[01:52:27] [Render thread/WARN] [StatTimer] MiniMap1.Circle is not running.
[01:52:27] [Render thread/WARN] [StatTimer] MiniMap1.Circle is not running.
[01:52:27] [Render thread/WARN] [StatTimer] MiniMap1.Circle is not running.
[01:52:27] [Render thread/WARN] [StatTimer] MiniMap1.Circle is not running.
[01:52:27] [Render thread/WARN] [StatTimer] MiniMap1.Circle is not running.
[01:52:27] [Render thread/WARN] [StatTimer] MiniMap1.Circle is not running.
[01:52:27] [Render thread/WARN] [StatTimer] MiniMap1.Circle is not running.
[01:52:27] [Render thread/WARN] [StatTimer] MiniMap1.Circle is not running.
[01:52:27] [Render thread/WARN] [StatTimer] MiniMap1.Circle is not running.
[01:52:27] [Render thread/WARN] [StatTimer] MiniMap1.Circle is not running.
[01:52:27] [Render thread/WARN] [StatTimer] MiniMap1.Circle is not running.
[01:52:27] [Render thread/WARN] [StatTimer] MiniMap1.Circle is not running.
[01:52:27] [Render thread/WARN] [StatTimer] MiniMap1.Circle is not running.
[01:52:27] [Render thread/WARN] [StatTimer] MiniMap1.Circle is not running.
[01:52:27] [Render thread/WARN] [StatTimer] MiniMap1.Circle is not running.
[01:52:27] [Render thread/WARN] [StatTimer] MiniMap1.Circle is not running.
[01:52:27] [Render thread/WARN] [StatTimer] MiniMap1.Circle is not running.
[01:52:27] [Render thread/WARN] [StatTimer] MiniMap1.Circle is not running.
[01:52:27] [Render thread/WARN] [StatTimer] MiniMap1.Circle is not running.
[01:52:27] [Render thread/WARN] [StatTimer] MiniMap1.Circle is not running.
[01:52:27] [Render thread/WARN] [StatTimer] MiniMap1.Circle is not running.
[01:52:27] [Render thread/WARN] [StatTimer] MiniMap1.Circle is not running.
[01:52:27] [Render thread/WARN] [StatTimer] MiniMap1.Circle is not running.
[01:52:27] [Render thread/WARN] [StatTimer] MiniMap1.Circle is not running.
[01:52:27] [Render thread/WARN] [StatTimer] MiniMap1.Circle is not running.
[01:52:27] [Render thread/WARN] [StatTimer] MiniMap1.Circle is not running.
[01:52:27] [Render thread/WARN] [StatTimer] MiniMap1.Circle is not running.
[01:52:27] [Render thread/WARN] [StatTimer] MiniMap1.Circle is not running.
[01:52:27] [Render thread/WARN] [StatTimer] MiniMap1.Circle is not running.
[01:52:27] [Render thread/WARN] [StatTimer] MiniMap1.Circle is not running.
[01:52:27] [Render thread/WARN] [StatTimer] MiniMap1.Circle is not running.
[01:52:27] [Render thread/WARN] [StatTimer] MiniMap1.Circle is not running.
[01:52:27] [Render thread/WARN] [StatTimer] MiniMap1.Circle is not running.
[01:52:27] [Render thread/WARN] [StatTimer] MiniMap1.Circle is not running.
[01:52:28] [Render thread/WARN] [StatTimer] MiniMap1.Circle is not running.
[01:52:28] [Render thread/WARN] [StatTimer] MiniMap1.Circle is not running.
[01:52:28] [Render thread/WARN] [StatTimer] MiniMap1.Circle is not running.
[01:52:28] [Render thread/WARN] [StatTimer] MiniMap1.Circle is not running.
[01:52:28] [Render thread/WARN] [StatTimer] MiniMap1.Circle is not running.
[01:52:28] [Render thread/WARN] [StatTimer] MiniMap1.Circle is not running.
[01:52:28] [Render thread/WARN] [StatTimer] MiniMap1.Circle is not running.
[01:52:28] [Render thread/WARN] [StatTimer] MiniMap1.Circle is not running.
[01:52:28] [Render thread/WARN] [StatTimer] MiniMap1.Circle is not running.
[01:52:28] [Render thread/WARN] [StatTimer] MiniMap1.Circle is not running.
[01:52:28] [Render thread/WARN] [StatTimer] MiniMap1.Circle is not running.
[01:52:28] [Render thread/WARN] [StatTimer] MiniMap1.Circle is not running.
[01:52:28] [Render thread/WARN] [StatTimer] MiniMap1.Circle is not running.
[01:52:28] [Render thread/WARN] [StatTimer] MiniMap1.Circle is not running.
[01:52:28] [Render thread/WARN] [StatTimer] MiniMap1.Circle is not running.
[01:52:28] [Render thread/WARN] [StatTimer] MiniMap1.Circle is not running.
[01:52:28] [Render thread/WARN] [StatTimer] MiniMap1.Circle is not running.
[01:52:28] [Render thread/WARN] [StatTimer] MiniMap1.Circle is not running.
[01:52:28] [Render thread/WARN] [StatTimer] MiniMap1.Circle is not running.
[01:52:28] [Render thread/WARN] [StatTimer] MiniMap1.Circle is not running.
[01:52:28] [Render thread/WARN] [StatTimer] MiniMap1.Circle is not running.
[01:52:28] [Render thread/WARN] [StatTimer] MiniMap1.Circle is not running.
[01:52:28] [Render thread/WARN] [StatTimer] MiniMap1.Circle is not running.
[01:52:28] [Render thread/WARN] [StatTimer] MiniMap1.Circle is not running.
[01:52:28] [Render thread/WARN] [StatTimer] MiniMap1.Circle is not running.
[01:52:28] [Render thread/WARN] [StatTimer] MiniMap1.Circle is not running.
[01:52:28] [Render thread/WARN] [StatTimer] MiniMap1.Circle is not running.
[01:52:28] [Render thread/WARN] [StatTimer] MiniMap1.Circle is not running.
[01:52:28] [Render thread/WARN] [StatTimer] MiniMap1.Circle is not running.
[01:52:28] [Render thread/WARN] [StatTimer] MiniMap1.Circle is not running.
[01:52:28] [Render thread/WARN] [StatTimer] MiniMap1.Circle is not running.
[01:52:28] [Render thread/WARN] [StatTimer] MiniMap1.Circle is not running.
[01:52:28] [Render thread/WARN] [StatTimer] MiniMap1.Circle is not running.
[01:52:28] [Render thread/WARN] [StatTimer] MiniMap1.Circle is not running.
[01:52:28] [Render thread/WARN] [StatTimer] MiniMap1.Circle is not running.
[01:52:28] [Render thread/WARN] [StatTimer] MiniMap1.Circle is not running.
[01:52:28] [Render thread/WARN] [StatTimer] MiniMap1.Circle is not running.
[01:52:28] [Render thread/WARN] [StatTimer] MiniMap1.Circle is not running.
[01:52:28] [Render thread/WARN] [StatTimer] MiniMap1.Circle is not running.
[01:52:28] [Render thread/WARN] [StatTimer] MiniMap1.Circle is not running.
[01:52:28] [Render thread/WARN] [StatTimer] MiniMap1.Circle is not running.
[01:52:28] [Render thread/WARN] [StatTimer] MiniMap1.Circle is not running.
[01:52:28] [Render thread/WARN] [StatTimer] MiniMap1.Circle is not running.
[01:52:28] [Render thread/WARN] [StatTimer] MiniMap1.Circle is not running.
[01:52:28] [Render thread/WARN] [StatTimer] MiniMap1.Circle is not running.
[01:52:28] [Render thread/WARN] [StatTimer] MiniMap1.Circle is not running.
[01:52:28] [Render thread/WARN] [StatTimer] MiniMap1.Circle is not running.
[01:52:28] [Render thread/WARN] [StatTimer] MiniMap1.Circle is not running.
[01:52:28] [Render thread/WARN] [StatTimer] MiniMap1.Circle is not running.
[01:52:28] [Render thread/WARN] [StatTimer] MiniMap1.Circle is not running.
[01:52:28] [Render thread/WARN] [StatTimer] MiniMap1.Circle is not running.
[01:52:28] [Render thread/WARN] [StatTimer] MiniMap1.Circle is not running.
[01:52:28] [Render thread/WARN] [StatTimer] MiniMap1.Circle is not running.
[01:52:28] [Render thread/WARN] [StatTimer] MiniMap1.Circle is not running.
[01:52:28] [Render thread/WARN] [StatTimer] MiniMap1.Circle is not running.
[01:52:28] [Render thread/WARN] [StatTimer] MiniMap1.Circle is not running.
[01:52:28] [Render thread/WARN] [StatTimer] MiniMap1.Circle is not running.
[01:52:28] [Render thread/WARN] [StatTimer] MiniMap1.Circle is not running.
[01:52:28] [Render thread/WARN] [StatTimer] MiniMap1.Circle is not running.
[01:52:28] [Render thread/WARN] [StatTimer] MiniMap1.Circle is not running.
[01:52:28] [Render thread/WARN] [StatTimer] MiniMap1.Circle is not running.
[01:52:28] [Render thread/WARN] [StatTimer] MiniMap1.Circle is not running.
[01:52:28] [Render thread/WARN] [StatTimer] MiniMap1.Circle is not running.
[01:52:28] [Render thread/WARN] [StatTimer] MiniMap1.Circle is not running.
[01:52:28] [Render thread/WARN] [StatTimer] MiniMap1.Circle is not running.
[01:52:28] [Render thread/WARN] [StatTimer] MiniMap1.Circle is not running.
[01:52:28] [Render thread/WARN] [StatTimer] MiniMap1.Circle is not running.
[01:52:28] [Render thread/WARN] [StatTimer] MiniMap1.Circle is not running.
[01:52:28] [Render thread/WARN] [StatTimer] MiniMap1.Circle is not running.
[01:52:28] [Render thread/WARN] [StatTimer] MiniMap1.Circle is not running.
[01:52:28] [Render thread/WARN] [StatTimer] MiniMap1.Circle is not running.
[01:52:28] [Render thread/WARN] [StatTimer] MiniMap1.Circle is not running.
[01:52:28] [Render thread/WARN] [StatTimer] MiniMap1.Circle is not running.
[01:52:28] [Render thread/WARN] [StatTimer] MiniMap1.Circle is not running.
[01:52:28] [Render thread/WARN] [StatTimer] MiniMap1.Circle is not running.
[01:52:28] [Render thread/WARN] [StatTimer] MiniMap1.Circle is not running.
[01:52:28] [Render thread/WARN] [StatTimer] MiniMap1.Circle is not running.
[01:52:28] [Render thread/WARN] [StatTimer] MiniMap1.Circle is not running.
[01:52:28] [Render thread/WARN] [StatTimer] MiniMap1.Circle is not running.
[01:52:28] [Render thread/WARN] [StatTimer] MiniMap1.Circle is not running.
[01:52:28] [Render thread/WARN] [StatTimer] MiniMap1.Circle is not running.
[01:52:28] [Render thread/WARN] [StatTimer] MiniMap1.Circle is not running.
[01:52:28] [Render thread/WARN] [StatTimer] MiniMap1.Circle is not running.
[01:52:28] [Render thread/WARN] [StatTimer] MiniMap1.Circle is not running.
[01:52:28] [Render thread/WARN] [StatTimer] MiniMap1.Circle is not running.
[01:52:28] [Render thread/WARN] [StatTimer] MiniMap1.Circle is not running.
[01:52:28] [Render thread/WARN] [StatTimer] MiniMap1.Circle is not running.
[01:52:28] [Render thread/WARN] [StatTimer] MiniMap1.Circle is not running.
[01:52:28] [Render thread/WARN] [StatTimer] MiniMap1.Circle is not running.
[01:52:28] [Render thread/WARN] [StatTimer] MiniMap1.Circle is not running.
[01:52:28] [Render thread/WARN] [StatTimer] MiniMap1.Circle is not running.
[01:52:28] [Render thread/WARN] [StatTimer] MiniMap1.Circle is not running.
[01:52:28] [Render thread/WARN] [StatTimer] MiniMap1.Circle is not running.
[01:52:28] [Render thread/WARN] [StatTimer] MiniMap1.Circle is not running.
[01:52:28] [Render thread/WARN] [StatTimer] MiniMap1.Circle is not running.
[01:52:28] [Render thread/WARN] [StatTimer] MiniMap1.Circle is not running.
[01:52:28] [Render thread/WARN] [StatTimer] MiniMap1.Circle is not running.
[01:52:28] [Render thread/WARN] [StatTimer] MiniMap1.Circle is not running.
[01:52:28] [Render thread/WARN] [StatTimer] MiniMap1.Circle is not running.
[01:52:28] [Render thread/WARN] [StatTimer] MiniMap1.Circle is not running.
[01:52:28] [Render thread/WARN] [StatTimer] MiniMap1.Circle is not running.
[01:52:28] [Render thread/WARN] [StatTimer] MiniMap1.Circle is not running.
[01:52:28] [Render thread/WARN] [StatTimer] MiniMap1.Circle is not running.
[01:52:28] [Render thread/WARN] [StatTimer] MiniMap1.Circle is not running.
[01:52:28] [Render thread/WARN] [StatTimer] MiniMap1.Circle is not running.
[01:52:28] [Render thread/WARN] [StatTimer] MiniMap1.Circle is not running.
[01:52:28] [Render thread/WARN] [StatTimer] MiniMap1.Circle is not running.
[01:52:28] [Render thread/WARN] [StatTimer] MiniMap1.Circle is not running.
[01:52:28] [Render thread/WARN] [StatTimer] MiniMap1.Circle is not running.
[01:52:28] [Render thread/WARN] [StatTimer] MiniMap1.Circle is not running.
[01:52:28] [Render thread/WARN] [StatTimer] MiniMap1.Circle is not running.
[01:52:28] [Render thread/WARN] [StatTimer] MiniMap1.Circle is not running.
[01:52:28] [Render thread/WARN] [StatTimer] MiniMap1.Circle is not running.
[01:52:28] [Render thread/WARN] [StatTimer] MiniMap1.Circle is not running.
[01:52:28] [Render thread/WARN] [StatTimer] MiniMap1.Circle is not running.
[01:52:28] [Render thread/WARN] [StatTimer] MiniMap1.Circle is not running.
[01:52:28] [Render thread/WARN] [StatTimer] MiniMap1.Circle is not running.
[01:52:29] [Render thread/WARN] [StatTimer] MiniMap1.Circle is not running.
[01:52:29] [Render thread/WARN] [StatTimer] MiniMap1.Circle is not running.
[01:52:29] [Render thread/WARN] [StatTimer] MiniMap1.Circle is not running.
[01:52:29] [Render thread/WARN] [StatTimer] MiniMap1.Circle is not running.
[01:52:29] [Render thread/WARN] [StatTimer] MiniMap1.Circle is not running.
[01:52:29] [Render thread/WARN] [StatTimer] MiniMap1.Circle is not running.
[01:52:29] [Render thread/WARN] [StatTimer] MiniMap1.Circle is not running.
[01:52:29] [Render thread/WARN] [StatTimer] MiniMap1.Circle is not running.
[01:52:29] [Render thread/WARN] [StatTimer] MiniMap1.Circle is not running.
[01:52:29] [Render thread/WARN] [StatTimer] MiniMap1.Circle is not running.
[01:52:29] [Render thread/WARN] [StatTimer] MiniMap1.Circle is not running.
[01:52:29] [Render thread/WARN] [StatTimer] MiniMap1.Circle is not running.
[01:52:29] [Render thread/WARN] [StatTimer] MiniMap1.Circle is not running.
[01:52:29] [Render thread/WARN] [StatTimer] MiniMap1.Circle is not running.
[01:52:29] [Render thread/WARN] [StatTimer] MiniMap1.Circle is not running.
[01:52:29] [Render thread/WARN] [StatTimer] MiniMap1.Circle is not running.
[01:52:29] [Render thread/WARN] [StatTimer] MiniMap1.Circle is not running.
[01:52:29] [Render thread/WARN] [StatTimer] MiniMap1.Circle is not running.
[01:52:29] [Render thread/WARN] [StatTimer] MiniMap1.Circle is not running.
[01:52:29] [Render thread/WARN] [StatTimer] MiniMap1.Circle is not running.
[01:52:29] [Render thread/WARN] [StatTimer] MiniMap1.Circle is not running.
[01:52:29] [Render thread/WARN] [StatTimer] MiniMap1.Circle is not running.
[01:52:29] [Render thread/WARN] [StatTimer] MiniMap1.Circle is not running.
[01:52:29] [Render thread/WARN] [StatTimer] MiniMap1.Circle is not running.
[01:52:29] [Render thread/WARN] [StatTimer] MiniMap1.Circle is not running.
[01:52:29] [Render thread/WARN] [StatTimer] MiniMap1.Circle is not running.
[01:52:29] [Render thread/WARN] [StatTimer] MiniMap1.Circle is not running.
[01:52:29] [Render thread/WARN] [StatTimer] MiniMap1.Circle is not running.
[01:52:29] [Render thread/WARN] [StatTimer] MiniMap1.Circle is not running.
[01:52:29] [Render thread/WARN] [StatTimer] MiniMap1.Circle is not running.
[01:52:29] [Render thread/WARN] [StatTimer] MiniMap1.Circle is not running.
[01:52:29] [Render thread/WARN] [StatTimer] MiniMap1.Circle is not running.
[01:52:29] [Render thread/WARN] [StatTimer] MiniMap1.Circle is not running.
[01:52:29] [Render thread/WARN] [StatTimer] MiniMap1.Circle is not running.
[01:52:29] [Render thread/WARN] [StatTimer] MiniMap1.Circle is not running.
[01:52:29] [Render thread/WARN] [StatTimer] MiniMap1.Circle is not running.
[01:52:29] [Render thread/WARN] [StatTimer] MiniMap1.Circle is not running.
[01:52:29] [Render thread/WARN] [StatTimer] MiniMap1.Circle is not running.
[01:52:29] [Render thread/WARN] [StatTimer] MiniMap1.Circle is not running.
[01:52:29] [Render thread/WARN] [StatTimer] MiniMap1.Circle is not running.
[01:52:29] [Render thread/WARN] [StatTimer] MiniMap1.Circle is not running.
[01:52:29] [Render thread/WARN] [StatTimer] MiniMap1.Circle is not running.
[01:52:29] [Render thread/WARN] [StatTimer] MiniMap1.Circle is not running.
[01:52:29] [Render thread/WARN] [StatTimer] MiniMap1.Circle is not running.
[01:52:29] [Render thread/WARN] [StatTimer] MiniMap1.Circle is not running.
[01:52:29] [Render thread/WARN] [StatTimer] MiniMap1.Circle is not running.
[01:52:29] [Render thread/WARN] [StatTimer] MiniMap1.Circle is not running.
[01:52:29] [Render thread/WARN] [StatTimer] MiniMap1.Circle is not running.
[01:52:29] [Render thread/WARN] [StatTimer] MiniMap1.Circle is not running.
[01:52:29] [Render thread/WARN] [StatTimer] MiniMap1.Circle is not running.
[01:52:29] [Render thread/WARN] [StatTimer] MiniMap1.Circle is not running.
[01:52:29] [Render thread/WARN] [StatTimer] MiniMap1.Circle is not running.
[01:52:29] [Render thread/WARN] [StatTimer] MiniMap1.Circle is not running.
[01:52:29] [Render thread/WARN] [StatTimer] MiniMap1.Circle is not running.
[01:52:29] [Render thread/WARN] [StatTimer] MiniMap1.Circle is not running.
[01:52:29] [Render thread/WARN] [StatTimer] MiniMap1.Circle is not running.
[01:52:29] [Render thread/WARN] [StatTimer] MiniMap1.Circle is not running.
[01:52:29] [Render thread/WARN] [StatTimer] MiniMap1.Circle is not running.
[01:52:29] [Render thread/WARN] [StatTimer] MiniMap1.Circle is not running.
[01:52:29] [Render thread/WARN] [StatTimer] MiniMap1.Circle is not running.
[01:52:29] [Render thread/WARN] [StatTimer] MiniMap1.Circle is not running.
[01:52:29] [Render thread/WARN] [StatTimer] MiniMap1.Circle is not running.
[01:52:29] [Render thread/WARN] [StatTimer] MiniMap1.Circle is not running.
[01:52:29] [Render thread/WARN] [StatTimer] MiniMap1.Circle is not running.
[01:52:29] [Render thread/WARN] [StatTimer] MiniMap1.Circle is not running.
[01:52:29] [Render thread/WARN] [StatTimer] MiniMap1.Circle is not running.
[01:52:29] [Render thread/WARN] [StatTimer] MiniMap1.Circle is not running.
[01:52:29] [Render thread/WARN] [StatTimer] MiniMap1.Circle is not running.
[01:52:29] [Render thread/WARN] [StatTimer] MiniMap1.Circle is not running.
[01:52:29] [Render thread/WARN] [StatTimer] MiniMap1.Circle is not running.
[01:52:29] [Render thread/WARN] [StatTimer] MiniMap1.Circle is not running.
[01:52:29] [Render thread/WARN] [StatTimer] MiniMap1.Circle is not running.
[01:52:29] [Render thread/WARN] [StatTimer] MiniMap1.Circle is not running.
[01:52:29] [Render thread/WARN] [StatTimer] MiniMap1.Circle is not running.
[01:52:29] [Render thread/WARN] [StatTimer] MiniMap1.Circle is not running.
[01:52:29] [Render thread/WARN] [StatTimer] MiniMap1.Circle is not running.
[01:52:29] [Render thread/WARN] [StatTimer] MiniMap1.Circle is not running.
[01:52:29] [Render thread/WARN] [StatTimer] MiniMap1.Circle is not running.
[01:52:29] [Render thread/WARN] [StatTimer] MiniMap1.Circle is not running.
[01:52:29] [Render thread/WARN] [StatTimer] MiniMap1.Circle is not running.
[01:52:29] [Render thread/WARN] [StatTimer] MiniMap1.Circle is not running.
[01:52:29] [Render thread/WARN] [StatTimer] MiniMap1.Circle is not running.
[01:52:29] [Render thread/WARN] [StatTimer] MiniMap1.Circle is not running.
[01:52:29] [Render thread/WARN] [StatTimer] MiniMap1.Circle is not running.
[01:52:29] [Render thread/WARN] [StatTimer] MiniMap1.Circle is not running.
[01:52:29] [Render thread/WARN] [StatTimer] MiniMap1.Circle is not running.
[01:52:29] [Render thread/WARN] [StatTimer] MiniMap1.Circle is not running.
[01:52:29] [Render thread/WARN] [StatTimer] MiniMap1.Circle is not running.
[01:52:29] [Render thread/WARN] [StatTimer] MiniMap1.Circle is not running.
[01:52:29] [Render thread/WARN] [StatTimer] MiniMap1.Circle is not running.
[01:52:29] [Render thread/WARN] [StatTimer] MiniMap1.Circle is not running.
[01:52:29] [Render thread/WARN] [StatTimer] MiniMap1.Circle is not running.
[01:52:29] [Render thread/WARN] [StatTimer] MiniMap1.Circle is not running.
[01:52:29] [Render thread/WARN] [StatTimer] MiniMap1.Circle is not running.
[01:52:29] [Render thread/WARN] [StatTimer] MiniMap1.Circle is not running.
[01:52:29] [Render thread/WARN] [StatTimer] MiniMap1.Circle is not running.
[01:52:29] [Render thread/WARN] [StatTimer] MiniMap1.Circle is not running.
[01:52:29] [Render thread/WARN] [StatTimer] MiniMap1.Circle is not running.
[01:52:29] [Render thread/WARN] [StatTimer] MiniMap1.Circle is not running.
[01:52:29] [Render thread/WARN] [StatTimer] MiniMap1.Circle is not running.
[01:52:29] [Render thread/WARN] [StatTimer] MiniMap1.Circle is not running.
[01:52:29] [Render thread/WARN] [StatTimer] MiniMap1.Circle is not running.
[01:52:29] [Render thread/WARN] [StatTimer] MiniMap1.Circle is not running.
[01:52:29] [Render thread/WARN] [StatTimer] MiniMap1.Circle is not running.
[01:52:29] [Render thread/WARN] [StatTimer] MiniMap1.Circle is not running.
[01:52:29] [Render thread/WARN] [StatTimer] MiniMap1.Circle is not running.
[01:52:29] [Render thread/WARN] [StatTimer] MiniMap1.Circle is not running.
[01:52:29] [Render thread/WARN] [StatTimer] MiniMap1.Circle is not running.
[01:52:29] [Render thread/WARN] [StatTimer] MiniMap1.Circle is not running.
[01:52:29] [Render thread/WARN] [StatTimer] MiniMap1.Circle is not running.
[01:52:29] [Render thread/WARN] [StatTimer] MiniMap1.Circle is not running.
[01:52:29] [Render thread/WARN] [StatTimer] MiniMap1.Circle is not running.
[01:52:29] [Render thread/WARN] [StatTimer] MiniMap1.Circle is not running.
[01:52:29] [Render thread/WARN] [StatTimer] MiniMap1.Circle is not running.
[01:52:29] [Render thread/WARN] [StatTimer] MiniMap1.Circle is not running.
[01:52:29] [Render thread/WARN] [StatTimer] MiniMap1.Circle is not running.
[01:52:29] [Render thread/WARN] [StatTimer] MiniMap1.Circle is not running.
[01:52:29] [Render thread/WARN] [StatTimer] MiniMap1.Circle is not running.
[01:52:29] [Render thread/WARN] [StatTimer] MiniMap1.Circle is not running.
[01:52:29] [Render thread/WARN] [StatTimer] MiniMap1.Circle is not running.
[01:52:30] [Render thread/WARN] [StatTimer] MiniMap1.Circle is not running.
[01:52:30] [Render thread/WARN] [StatTimer] MiniMap1.Circle is not running.
[01:52:30] [Render thread/WARN] [StatTimer] MiniMap1.Circle is not running.
[01:52:30] [Render thread/WARN] [StatTimer] MiniMap1.Circle is not running.
[01:52:30] [Render thread/WARN] [StatTimer] MiniMap1.Circle is not running.
[01:52:30] [Render thread/WARN] [StatTimer] MiniMap1.Circle is not running.
[01:52:30] [Render thread/WARN] [StatTimer] MiniMap1.Circle is not running.
[01:52:30] [Render thread/WARN] [StatTimer] MiniMap1.Circle is not running.
[01:52:30] [Render thread/WARN] [StatTimer] MiniMap1.Circle is not running.
[01:52:30] [Render thread/WARN] [StatTimer] MiniMap1.Circle is not running.
[01:52:30] [Render thread/WARN] [StatTimer] MiniMap1.Circle is not running.
[01:52:30] [Render thread/WARN] [StatTimer] MiniMap1.Circle is not running.
[01:52:30] [Render thread/WARN] [StatTimer] MiniMap1.Circle is not running.
[01:52:30] [Render thread/WARN] [StatTimer] MiniMap1.Circle is not running.
[01:52:30] [Render thread/WARN] [StatTimer] MiniMap1.Circle is not running.
[01:52:30] [Render thread/WARN] [StatTimer] MiniMap1.Circle is not running.
[01:52:30] [Render thread/WARN] [StatTimer] MiniMap1.Circle is not running.
[01:52:30] [Render thread/WARN] [StatTimer] MiniMap1.Circle is not running.
[01:52:30] [Render thread/WARN] [StatTimer] MiniMap1.Circle is not running.
[01:52:30] [Render thread/WARN] [StatTimer] MiniMap1.Circle is not running.
[01:52:30] [Render thread/WARN] [StatTimer] MiniMap1.Circle is not running.
[01:52:30] [Render thread/WARN] [StatTimer] MiniMap1.Circle is not running.
[01:52:30] [Render thread/WARN] [StatTimer] MiniMap1.Circle is not running.
[01:52:30] [Render thread/WARN] [StatTimer] MiniMap1.Circle is not running.
[01:52:30] [Render thread/WARN] [StatTimer] MiniMap1.Circle is not running.
[01:52:30] [Render thread/WARN] [StatTimer] MiniMap1.Circle is not running.
[01:52:30] [Render thread/WARN] [StatTimer] MiniMap1.Circle is not running.
[01:52:30] [Render thread/WARN] [StatTimer] MiniMap1.Circle is not running.
[01:52:30] [Render thread/WARN] [StatTimer] MiniMap1.Circle is not running.
[01:52:30] [Render thread/WARN] [StatTimer] MiniMap1.Circle is not running.
[01:52:30] [Render thread/WARN] [StatTimer] MiniMap1.Circle is not running.
[01:52:30] [Render thread/WARN] [StatTimer] MiniMap1.Circle is not running.
[01:52:30] [Render thread/WARN] [StatTimer] MiniMap1.Circle is not running.
[01:52:30] [Render thread/WARN] [StatTimer] MiniMap1.Circle is not running.
[01:52:30] [Render thread/WARN] [StatTimer] MiniMap1.Circle is not running.
[01:52:30] [Render thread/WARN] [StatTimer] MiniMap1.Circle is not running.
[01:52:30] [Render thread/WARN] [StatTimer] MiniMap1.Circle is not running.
[01:52:30] [Render thread/WARN] [StatTimer] MiniMap1.Circle is not running.
[01:52:30] [Render thread/WARN] [StatTimer] MiniMap1.Circle is not running.
[01:52:30] [Render thread/WARN] [StatTimer] MiniMap1.Circle is not running.
[01:52:30] [Render thread/WARN] [StatTimer] MiniMap1.Circle is not running.
[01:52:30] [Render thread/WARN] [StatTimer] MiniMap1.Circle is not running.
[01:52:30] [Render thread/WARN] [StatTimer] MiniMap1.Circle is not running.
[01:52:30] [Render thread/WARN] [StatTimer] MiniMap1.Circle is not running.
[01:52:30] [Render thread/WARN] [StatTimer] MiniMap1.Circle is not running.
[01:52:30] [Render thread/WARN] [StatTimer] MiniMap1.Circle is not running.
[01:52:30] [Render thread/WARN] [StatTimer] MiniMap1.Circle is not running.
[01:52:30] [Render thread/WARN] [StatTimer] MiniMap1.Circle is not running.
[01:52:30] [Render thread/WARN] [StatTimer] MiniMap1.Circle is not running.
[01:52:30] [Render thread/WARN] [StatTimer] MiniMap1.Circle is not running.
[01:52:30] [Render thread/WARN] [StatTimer] MiniMap1.Circle is not running.
[01:52:30] [Render thread/WARN] [StatTimer] MiniMap1.Circle is not running.
[01:52:30] [Render thread/WARN] [StatTimer] MiniMap1.Circle is not running.
[01:52:30] [Render thread/WARN] [StatTimer] MiniMap1.Circle is not running.
[01:52:30] [Render thread/WARN] [StatTimer] MiniMap1.Circle is not running.
[01:52:30] [Render thread/WARN] [StatTimer] MiniMap1.Circle is not running.
[01:52:30] [Render thread/WARN] [StatTimer] MiniMap1.Circle is not running.
[01:52:30] [Render thread/WARN] [StatTimer] MiniMap1.Circle is not running.
[01:52:30] [Render thread/WARN] [StatTimer] MiniMap1.Circle is not running.
[01:52:30] [Render thread/WARN] [StatTimer] MiniMap1.Circle is not running.
[01:52:30] [Render thread/WARN] [StatTimer] MiniMap1.Circle is not running.
[01:52:30] [Render thread/WARN] [StatTimer] MiniMap1.Circle is not running.
[01:52:30] [Render thread/WARN] [StatTimer] MiniMap1.Circle is not running.
[01:52:30] [Render thread/WARN] [StatTimer] MiniMap1.Circle is not running.
[01:52:30] [Render thread/WARN] [StatTimer] MiniMap1.Circle is not running.
[01:52:30] [Render thread/WARN] [StatTimer] MiniMap1.Circle is not running.
[01:52:30] [Render thread/WARN] [StatTimer] MiniMap1.Circle is not running.
[01:52:30] [Render thread/WARN] [StatTimer] MiniMap1.Circle is not running.
[01:52:30] [Render thread/WARN] [StatTimer] MiniMap1.Circle is not running.
[01:52:30] [Render thread/WARN] [StatTimer] MiniMap1.Circle is not running.
[01:52:30] [Render thread/WARN] [StatTimer] MiniMap1.Circle is not running.
[01:52:30] [Render thread/WARN] [StatTimer] MiniMap1.Circle is not running.
[01:52:30] [Render thread/WARN] [StatTimer] MiniMap1.Circle is not running.
[01:52:30] [Render thread/WARN] [StatTimer] MiniMap1.Circle is not running.
[01:52:30] [Render thread/WARN] [StatTimer] MiniMap1.Circle is not running.
[01:52:30] [Render thread/WARN] [StatTimer] MiniMap1.Circle is not running.
[01:52:30] [Render thread/WARN] [StatTimer] MiniMap1.Circle is not running.
[01:52:30] [Render thread/WARN] [StatTimer] MiniMap1.Circle is not running.
[01:52:30] [Render thread/WARN] [StatTimer] MiniMap1.Circle is not running.
[01:52:30] [Render thread/WARN] [StatTimer] MiniMap1.Circle is not running.
[01:52:30] [Render thread/WARN] [StatTimer] MiniMap1.Circle is not running.
[01:52:30] [Render thread/WARN] [StatTimer] MiniMap1.Circle is not running.
[01:52:30] [Render thread/WARN] [StatTimer] MiniMap1.Circle is not running.
[01:52:30] [Render thread/WARN] [StatTimer] MiniMap1.Circle is not running.
[01:52:30] [Render thread/WARN] [StatTimer] MiniMap1.Circle is not running.
[01:52:30] [Render thread/WARN] [StatTimer] MiniMap1.Circle is not running.
[01:52:30] [Render thread/WARN] [StatTimer] MiniMap1.Circle is not running.
[01:52:30] [Render thread/WARN] [StatTimer] MiniMap1.Circle is not running.
[01:52:30] [Render thread/WARN] [StatTimer] MiniMap1.Circle is not running.
[01:52:30] [Render thread/WARN] [StatTimer] MiniMap1.Circle is not running.
[01:52:30] [Render thread/WARN] [StatTimer] MiniMap1.Circle is not running.
[01:52:30] [Render thread/WARN] [StatTimer] MiniMap1.Circle is not running.
[01:52:30] [Render thread/WARN] [StatTimer] MiniMap1.Circle is not running.
[01:52:30] [Render thread/WARN] [StatTimer] MiniMap1.Circle is not running.
[01:52:30] [Render thread/WARN] [StatTimer] MiniMap1.Circle is not running.
[01:52:30] [Render thread/WARN] [StatTimer] MiniMap1.Circle is not running.
[01:52:30] [Render thread/WARN] [StatTimer] MiniMap1.Circle is not running.
[01:52:30] [Render thread/WARN] [StatTimer] MiniMap1.Circle is not running.
[01:52:30] [Render thread/WARN] [StatTimer] MiniMap1.Circle is not running.
[01:52:30] [Render thread/WARN] [StatTimer] MiniMap1.Circle is not running.
[01:52:30] [Render thread/WARN] [StatTimer] MiniMap1.Circle is not running.
[01:52:30] [Render thread/WARN] [StatTimer] MiniMap1.Circle is not running.
[01:52:30] [Render thread/WARN] [StatTimer] MiniMap1.Circle is not running.
[01:52:30] [Render thread/WARN] [StatTimer] MiniMap1.Circle is not running.
[01:52:30] [Render thread/WARN] [StatTimer] MiniMap1.Circle is not running.
[01:52:30] [Render thread/WARN] [StatTimer] MiniMap1.Circle is not running.
[01:52:30] [Render thread/WARN] [StatTimer] MiniMap1.Circle is not running.
[01:52:30] [Render thread/WARN] [StatTimer] MiniMap1.Circle is not running.
[01:52:30] [Render thread/WARN] [StatTimer] MiniMap1.Circle is not running.
[01:52:30] [Render thread/WARN] [StatTimer] MiniMap1.Circle is not running.
[01:52:30] [Render thread/WARN] [StatTimer] MiniMap1.Circle is not running.
[01:52:30] [Render thread/WARN] [StatTimer] MiniMap1.Circle is not running.
[01:52:30] [Render thread/WARN] [StatTimer] MiniMap1.Circle is not running.
[01:52:30] [Render thread/WARN] [StatTimer] MiniMap1.Circle is not running.
[01:52:30] [Render thread/WARN] [StatTimer] MiniMap1.Circle is not running.
[01:52:30] [Render thread/WARN] [StatTimer] MiniMap1.Circle is not running.
[01:52:30] [Render thread/WARN] [StatTimer] MiniMap1.Circle is not running.
[01:52:30] [Render thread/WARN] [StatTimer] MiniMap1.Circle is not running.
[01:52:30] [Render thread/WARN] [StatTimer] MiniMap1.Circle is not running.
[01:52:30] [Render thread/WARN] [StatTimer] MiniMap1.Circle is not running.
[01:52:31] [Render thread/WARN] [StatTimer] MiniMap1.Circle is not running.
[01:52:31] [Render thread/WARN] [StatTimer] MiniMap1.Circle is not running.
[01:52:31] [Render thread/WARN] [StatTimer] MiniMap1.Circle is not running.
[01:52:31] [Render thread/WARN] [StatTimer] MiniMap1.Circle is not running.
[01:52:31] [Render thread/WARN] [StatTimer] MiniMap1.Circle is not running.
[01:52:31] [Render thread/WARN] [StatTimer] MiniMap1.Circle is not running.
[01:52:31] [Render thread/WARN] [StatTimer] MiniMap1.Circle is not running.
[01:52:31] [Render thread/WARN] [StatTimer] MiniMap1.Circle is not running.
[01:52:31] [Render thread/WARN] [StatTimer] MiniMap1.Circle is not running.
[01:52:31] [Render thread/WARN] [StatTimer] MiniMap1.Circle is not running.
[01:52:31] [Render thread/WARN] [StatTimer] MiniMap1.Circle is not running.
[01:52:31] [Render thread/WARN] [StatTimer] MiniMap1.Circle is not running.
[01:52:31] [Render thread/WARN] [StatTimer] MiniMap1.Circle is not running.
[01:52:31] [Render thread/WARN] [StatTimer] MiniMap1.Circle is not running.
[01:52:31] [Render thread/WARN] [StatTimer] MiniMap1.Circle is not running.
[01:52:31] [Render thread/WARN] [StatTimer] MiniMap1.Circle is not running.
[01:52:31] [Render thread/WARN] [StatTimer] MiniMap1.Circle is not running.
[01:52:31] [Render thread/WARN] [StatTimer] MiniMap1.Circle is not running.
[01:52:31] [Render thread/WARN] [StatTimer] MiniMap1.Circle is not running.
[01:52:31] [Render thread/WARN] [StatTimer] MiniMap1.Circle is not running.
[01:52:31] [Render thread/WARN] [StatTimer] MiniMap1.Circle is not running.
[01:52:31] [Render thread/WARN] [StatTimer] MiniMap1.Circle is not running.
[01:52:31] [Render thread/WARN] [StatTimer] MiniMap1.Circle is not running.
[01:52:31] [Render thread/WARN] [StatTimer] MiniMap1.Circle is not running.
[01:52:31] [Render thread/WARN] [StatTimer] MiniMap1.Circle is not running.
[01:52:31] [Render thread/WARN] [StatTimer] MiniMap1.Circle is not running.
[01:52:31] [Render thread/WARN] [StatTimer] MiniMap1.Circle is not running.
[01:52:31] [Render thread/WARN] [StatTimer] MiniMap1.Circle is not running.
[01:52:31] [Render thread/WARN] [StatTimer] MiniMap1.Circle is not running.
[01:52:31] [Render thread/WARN] [StatTimer] MiniMap1.Circle is not running.
[01:52:31] [Render thread/WARN] [StatTimer] MiniMap1.Circle is not running.
[01:52:31] [Render thread/WARN] [StatTimer] MiniMap1.Circle is not running.
[01:52:31] [Render thread/WARN] [StatTimer] MiniMap1.Circle is not running.
[01:52:31] [Render thread/WARN] [StatTimer] MiniMap1.Circle is not running.
[01:52:31] [Render thread/WARN] [StatTimer] MiniMap1.Circle is not running.
[01:52:31] [Render thread/WARN] [StatTimer] MiniMap1.Circle is not running.
[01:52:31] [Render thread/WARN] [StatTimer] MiniMap1.Circle is not running.
[01:52:31] [Render thread/WARN] [StatTimer] MiniMap1.Circle is not running.
[01:52:31] [Render thread/WARN] [StatTimer] MiniMap1.Circle is not running.
[01:52:31] [Render thread/WARN] [StatTimer] MiniMap1.Circle is not running.
[01:52:31] [Render thread/WARN] [StatTimer] MiniMap1.Circle is not running.
[01:52:31] [Render thread/WARN] [StatTimer] MiniMap1.Circle is not running.
[01:52:31] [Render thread/WARN] [StatTimer] MiniMap1.Circle is not running.
[01:52:31] [Render thread/WARN] [StatTimer] MiniMap1.Circle is not running.
[01:52:31] [Render thread/WARN] [StatTimer] MiniMap1.Circle is not running.
[01:52:31] [Render thread/WARN] [StatTimer] MiniMap1.Circle is not running.
[01:52:31] [Render thread/WARN] [StatTimer] MiniMap1.Circle is not running.
[01:52:31] [Render thread/WARN] [StatTimer] MiniMap1.Circle is not running.
[01:52:31] [Render thread/WARN] [StatTimer] MiniMap1.Circle is not running.
[01:52:31] [Render thread/WARN] [StatTimer] MiniMap1.Circle is not running.
[01:52:31] [Render thread/WARN] [StatTimer] MiniMap1.Circle is not running.
[01:52:31] [Render thread/WARN] [StatTimer] MiniMap1.Circle is not running.
[01:52:31] [Render thread/WARN] [StatTimer] MiniMap1.Circle is not running.
[01:52:31] [Render thread/WARN] [StatTimer] MiniMap1.Circle is not running.
[01:52:31] [Render thread/WARN] [StatTimer] MiniMap1.Circle is not running.
[01:52:31] [Render thread/WARN] [StatTimer] MiniMap1.Circle is not running.
[01:52:31] [Render thread/WARN] [StatTimer] MiniMap1.Circle is not running.
[01:52:31] [Render thread/WARN] [StatTimer] MiniMap1.Circle is not running.
[01:52:31] [Render thread/WARN] [StatTimer] MiniMap1.Circle is not running.
[01:52:31] [Render thread/WARN] [StatTimer] MiniMap1.Circle is not running.
[01:52:31] [Render thread/WARN] [StatTimer] MiniMap1.Circle is not running.
[01:52:31] [Render thread/WARN] [StatTimer] MiniMap1.Circle is not running.
[01:52:31] [Render thread/WARN] [StatTimer] MiniMap1.Circle is not running.
[01:52:31] [Render thread/WARN] [StatTimer] MiniMap1.Circle is not running.
[01:52:31] [Render thread/WARN] [StatTimer] MiniMap1.Circle is not running.
[01:52:31] [Render thread/WARN] [StatTimer] MiniMap1.Circle is not running.
[01:52:31] [Render thread/WARN] [StatTimer] MiniMap1.Circle is not running.
[01:52:31] [Render thread/WARN] [StatTimer] MiniMap1.Circle is not running.
[01:52:53] [Render thread/INFO] [TextureCache] [JourneyMap]: Purging Theme Images
[01:52:53] [Render thread/INFO] [TextureCache] [JourneyMap]: Purging Region Images
[01:52:53] [Render thread/INFO] [TextureCache] [JourneyMap]: Purging Mob Icon Images
[01:52:53] [Render thread/INFO] [WaypointStore] Loaded 1 waypoints from disk.
[01:52:53] [Render thread/INFO] [WaypointGroupStore] Loaded 4 waypoint groups from disk.
[01:52:53] [Render thread/INFO] [WaypointHandler] WaypointBackend selected: Client (was=null, shouldBeRemote=false, isJMServer=false, serverManagedWP=false, isServerManagedWaypointConnection=false, hasSingleplayerServer=false)
[01:52:53] [Render thread/INFO] [LegacyWaypointFileMigrator] 0 Legacy waypoints found that need to be migrated and backed up.
[01:52:53] [Render thread/INFO] [JourneymapClient] Mapping halted in /home/koenomatachisan/.minecraft/versions/MODPACK/journeymap/data/mp/Minecraft~Server/minecraft:overworld
